::1 - - [29/Jun/2016:18:36:45 +0300] "GET / HTTP/1.1" 403 209 "-" "Mozilla/5.0 (Macintosh; Intel Mac OS X 10_11_5) AppleWebKit/601.6.17 (KHTML, like Gecko) Version/9.1.1 Safari/601.6.17"
::1 - - [29/Jun/2016:18:36:46 +0300] "GET /favicon.ico HTTP/1.1" 403 220 "http://ncoa.dev/" "Mozilla/5.0 (Macintosh; Intel Mac OS X 10_11_5) AppleWebKit/601.6.17 (KHTML, like Gecko) Version/9.1.1 Safari/601.6.17"
::1 - - [29/Jun/2016:18:50:20 +0300] "GET / HTTP/1.1" 403 209 "-" "Mozilla/5.0 (Macintosh; Intel Mac OS X 10_11_5) AppleWebKit/601.6.17 (KHTML, like Gecko) Version/9.1.1 Safari/601.6.17"
::1 - - [29/Jun/2016:19:49:46 +0300] "GET / HTTP/1.1" 403 209 "-" "Mozilla/5.0 (Macintosh; Intel Mac OS X 10_11_5) AppleWebKit/601.6.17 (KHTML, like Gecko) Version/9.1.1 Safari/601.6.17"
::1 - - [29/Jun/2016:20:06:06 +0300] "GET / HTTP/1.1" 403 209 "-" "Mozilla/5.0 (Macintosh; Intel Mac OS X 10_11_5) AppleWebKit/601.6.17 (KHTML, like Gecko) Version/9.1.1 Safari/601.6.17"
::1 - - [29/Jun/2016:20:06:07 +0300] "GET / HTTP/1.1" 403 209 "-" "Mozilla/5.0 (Macintosh; Intel Mac OS X 10_11_5) AppleWebKit/601.6.17 (KHTML, like Gecko) Version/9.1.1 Safari/601.6.17"
::1 - - [29/Jun/2016:20:06:11 +0300] "GET / HTTP/1.1" 403 209 "-" "Mozilla/5.0 (Macintosh; Intel Mac OS X 10_11_5) AppleWebKit/601.6.17 (KHTML, like Gecko) Version/9.1.1 Safari/601.6.17"
::1 - - [29/Jun/2016:20:06:12 +0300] "GET /cms HTTP/1.1" 403 212 "-" "Mozilla/5.0 (Macintosh; Intel Mac OS X 10_11_5) AppleWebKit/601.6.17 (KHTML, like Gecko) Version/9.1.1 Safari/601.6.17"
::1 - - [29/Jun/2016:20:07:19 +0300] "GET /cms HTTP/1.1" 403 212 "-" "Mozilla/5.0 (Macintosh; Intel Mac OS X 10_11_5) AppleWebKit/601.6.17 (KHTML, like Gecko) Version/9.1.1 Safari/601.6.17"
::1 - - [29/Jun/2016:20:07:20 +0300] "GET /cms HTTP/1.1" 403 212 "-" "Mozilla/5.0 (Macintosh; Intel Mac OS X 10_11_5) AppleWebKit/601.6.17 (KHTML, like Gecko) Version/9.1.1 Safari/601.6.17"
::1 - - [29/Jun/2016:20:09:34 +0300] "GET /cms HTTP/1.1" 301 228 "-" "Mozilla/5.0 (Macintosh; Intel Mac OS X 10_11_5) AppleWebKit/601.6.17 (KHTML, like Gecko) Version/9.1.1 Safari/601.6.17"
::1 - - [29/Jun/2016:20:09:34 +0300] "GET /cms/ HTTP/1.1" 200 653 "-" "Mozilla/5.0 (Macintosh; Intel Mac OS X 10_11_5) AppleWebKit/601.6.17 (KHTML, like Gecko) Version/9.1.1 Safari/601.6.17"
::1 - - [29/Jun/2016:20:10:35 +0300] "GET /cms/ HTTP/1.1" 200 4571 "-" "Mozilla/5.0 (Macintosh; Intel Mac OS X 10_11_5) AppleWebKit/601.6.17 (KHTML, like Gecko) Version/9.1.1 Safari/601.6.17"
::1 - - [29/Jun/2016:20:12:55 +0300] "GET /cms/ HTTP/1.1" 200 4571 "-" "Mozilla/5.0 (Macintosh; Intel Mac OS X 10_11_5) AppleWebKit/601.6.17 (KHTML, like Gecko) Version/9.1.1 Safari/601.6.17"
::1 - - [29/Jun/2016:20:12:56 +0300] "GET /cms/ HTTP/1.1" 200 4571 "-" "Mozilla/5.0 (Macintosh; Intel Mac OS X 10_11_5) AppleWebKit/601.6.17 (KHTML, like Gecko) Version/9.1.1 Safari/601.6.17"
::1 - - [29/Jun/2016:20:13:05 +0300] "GET /cms/ HTTP/1.1" 200 4571 "-" "Mozilla/5.0 (Macintosh; Intel Mac OS X 10_11_5) AppleWebKit/601.6.17 (KHTML, like Gecko) Version/9.1.1 Safari/601.6.17"
::1 - - [29/Jun/2016:20:13:09 +0300] "GET / HTTP/1.1" 200 4571 "-" "Mozilla/5.0 (Macintosh; Intel Mac OS X 10_11_5) AppleWebKit/601.6.17 (KHTML, like Gecko) Version/9.1.1 Safari/601.6.17"
::1 - - [29/Jun/2016:20:13:09 +0300] "GET / HTTP/1.1" 200 4571 "-" "Mozilla/5.0 (Macintosh; Intel Mac OS X 10_11_5) AppleWebKit/601.6.17 (KHTML, like Gecko) Version/9.1.1 Safari/601.6.17"
::1 - - [29/Jun/2016:20:13:14 +0300] "GET / HTTP/1.1" 200 4571 "-" "Mozilla/5.0 (Macintosh; Intel Mac OS X 10_11_5) AppleWebKit/601.6.17 (KHTML, like Gecko) Version/9.1.1 Safari/601.6.17"
::1 - - [29/Jun/2016:20:13:58 +0300] "GET / HTTP/1.1" 200 4538 "-" "Mozilla/5.0 (Macintosh; Intel Mac OS X 10_11_5) AppleWebKit/601.6.17 (KHTML, like Gecko) Version/9.1.1 Safari/601.6.17"
::1 - - [29/Jun/2016:20:14:34 +0300] "GET / HTTP/1.1" 200 4538 "-" "Mozilla/5.0 (Macintosh; Intel Mac OS X 10_11_5) AppleWebKit/601.6.17 (KHTML, like Gecko) Version/9.1.1 Safari/601.6.17"
::1 - - [29/Jun/2016:20:14:35 +0300] "GET / HTTP/1.1" 200 4538 "-" "Mozilla/5.0 (Macintosh; Intel Mac OS X 10_11_5) AppleWebKit/601.6.17 (KHTML, like Gecko) Version/9.1.1 Safari/601.6.17"
::1 - - [29/Jun/2016:20:15:06 +0300] "GET / HTTP/1.1" 200 4538 "-" "Mozilla/5.0 (Macintosh; Intel Mac OS X 10_11_5) AppleWebKit/601.6.17 (KHTML, like Gecko) Version/9.1.1 Safari/601.6.17"
::1 - - [29/Jun/2016:20:16:06 +0300] "GET / HTTP/1.1" 200 40499 "-" "Mozilla/5.0 (Macintosh; Intel Mac OS X 10_11_5) AppleWebKit/601.6.17 (KHTML, like Gecko) Version/9.1.1 Safari/601.6.17"
::1 - - [29/Jun/2016:20:16:06 +0300] "GET /content/themes/ncoa/resources/assets/js/app.js HTTP/1.1" 200 87239 "http://ncoa.dev/" "Mozilla/5.0 (Macintosh; Intel Mac OS X 10_11_5) AppleWebKit/601.6.17 (KHTML, like Gecko) Version/9.1.1 Safari/601.6.17"
::1 - - [29/Jun/2016:20:16:06 +0300] "GET /content/themes/ncoa/resources/assets/css/main.css HTTP/1.1" 200 302707 "http://ncoa.dev/" "Mozilla/5.0 (Macintosh; Intel Mac OS X 10_11_5) AppleWebKit/601.6.17 (KHTML, like Gecko) Version/9.1.1 Safari/601.6.17"
::1 - - [29/Jun/2016:20:16:06 +0300] "GET /content/plugins/svg-support/js/min/svg-inline-min.js?ver=1.0.0 HTTP/1.1" 200 511 "http://ncoa.dev/" "Mozilla/5.0 (Macintosh; Intel Mac OS X 10_11_5) AppleWebKit/601.6.17 (KHTML, like Gecko) Version/9.1.1 Safari/601.6.17"
::1 - - [29/Jun/2016:20:16:07 +0300] "GET /cms/wp-includes/js/jquery/jquery-migrate.js?ver=1.4.0 HTTP/1.1" 200 22363 "http://ncoa.dev/" "Mozilla/5.0 (Macintosh; Intel Mac OS X 10_11_5) AppleWebKit/601.6.17 (KHTML, like Gecko) Version/9.1.1 Safari/601.6.17"
::1 - - [29/Jun/2016:20:16:08 +0300] "GET /cms/wp-includes/js/jquery/jquery.js?ver=1.12.3 HTTP/1.1" 200 97201 "http://ncoa.dev/" "Mozilla/5.0 (Macintosh; Intel Mac OS X 10_11_5) AppleWebKit/601.6.17 (KHTML, like Gecko) Version/9.1.1 Safari/601.6.17"
::1 - - [29/Jun/2016:20:16:08 +0300] "GET /content/themes/ncoa/resources/assets/js/libs.js HTTP/1.1" 200 1981389 "http://ncoa.dev/" "Mozilla/5.0 (Macintosh; Intel Mac OS X 10_11_5) AppleWebKit/601.6.17 (KHTML, like Gecko) Version/9.1.1 Safari/601.6.17"
::1 - - [29/Jun/2016:20:16:08 +0300] "GET /content/themes/ncoa/resources/assets/images/BCU-logo.svg HTTP/1.1" 200 12103 "http://ncoa.dev/" "Mozilla/5.0 (Macintosh; Intel Mac OS X 10_11_5) AppleWebKit/601.6.17 (KHTML, like Gecko) Version/9.1.1 Safari/601.6.17"
::1 - - [29/Jun/2016:20:16:08 +0300] "GET /content/uploads/2016/05/patients-with-doctor.jpg HTTP/1.1" 200 50632 "http://ncoa.dev/" "Mozilla/5.0 (Macintosh; Intel Mac OS X 10_11_5) AppleWebKit/601.6.17 (KHTML, like Gecko) Version/9.1.1 Safari/601.6.17"
::1 - - [29/Jun/2016:20:16:08 +0300] "GET /content/uploads/2016/05/category_medicine.svg HTTP/1.1" 200 4969 "http://ncoa.dev/" "Mozilla/5.0 (Macintosh; Intel Mac OS X 10_11_5) AppleWebKit/601.6.17 (KHTML, like Gecko) Version/9.1.1 Safari/601.6.17"
::1 - - [29/Jun/2016:20:16:08 +0300] "GET /content/uploads/2016/05/category_health.svg HTTP/1.1" 200 5607 "http://ncoa.dev/" "Mozilla/5.0 (Macintosh; Intel Mac OS X 10_11_5) AppleWebKit/601.6.17 (KHTML, like Gecko) Version/9.1.1 Safari/601.6.17"
::1 - - [29/Jun/2016:20:16:08 +0300] "GET /content/uploads/2016/05/category_income.svg HTTP/1.1" 200 5426 "http://ncoa.dev/" "Mozilla/5.0 (Macintosh; Intel Mac OS X 10_11_5) AppleWebKit/601.6.17 (KHTML, like Gecko) Version/9.1.1 Safari/601.6.17"
::1 - - [29/Jun/2016:20:16:08 +0300] "GET /content/uploads/2016/05/category_food-1.svg HTTP/1.1" 200 2734 "http://ncoa.dev/" "Mozilla/5.0 (Macintosh; Intel Mac OS X 10_11_5) AppleWebKit/601.6.17 (KHTML, like Gecko) Version/9.1.1 Safari/601.6.17"
::1 - - [29/Jun/2016:20:16:08 +0300] "GET /content/uploads/2016/05/category_housing.svg HTTP/1.1" 200 4693 "http://ncoa.dev/" "Mozilla/5.0 (Macintosh; Intel Mac OS X 10_11_5) AppleWebKit/601.6.17 (KHTML, like Gecko) Version/9.1.1 Safari/601.6.17"
::1 - - [29/Jun/2016:20:16:08 +0300] "GET /content/uploads/2016/05/category_veteran.svg HTTP/1.1" 200 4628 "http://ncoa.dev/" "Mozilla/5.0 (Macintosh; Intel Mac OS X 10_11_5) AppleWebKit/601.6.17 (KHTML, like Gecko) Version/9.1.1 Safari/601.6.17"
::1 - - [29/Jun/2016:20:16:08 +0300] "GET /content/uploads/2016/05/category_taxRelief.svg HTTP/1.1" 200 5136 "http://ncoa.dev/" "Mozilla/5.0 (Macintosh; Intel Mac OS X 10_11_5) AppleWebKit/601.6.17 (KHTML, like Gecko) Version/9.1.1 Safari/601.6.17"
::1 - - [29/Jun/2016:20:16:08 +0300] "GET /content/uploads/2016/05/category_employment.svg HTTP/1.1" 200 4713 "http://ncoa.dev/" "Mozilla/5.0 (Macintosh; Intel Mac OS X 10_11_5) AppleWebKit/601.6.17 (KHTML, like Gecko) Version/9.1.1 Safari/601.6.17"
::1 - - [29/Jun/2016:20:16:08 +0300] "GET /content/uploads/2016/05/category_more.svg HTTP/1.1" 200 3493 "http://ncoa.dev/" "Mozilla/5.0 (Macintosh; Intel Mac OS X 10_11_5) AppleWebKit/601.6.17 (KHTML, like Gecko) Version/9.1.1 Safari/601.6.17"
::1 - - [29/Jun/2016:20:16:08 +0300] "GET /content/uploads/2016/05/HPP-Logo-Sponsors-smaller.jpg HTTP/1.1" 200 6632 "http://ncoa.dev/" "Mozilla/5.0 (Macintosh; Intel Mac OS X 10_11_5) AppleWebKit/601.6.17 (KHTML, like Gecko) Version/9.1.1 Safari/601.6.17"
::1 - - [29/Jun/2016:20:16:08 +0300] "GET /content/uploads/2016/05/Humana-Logo-for-sponsor-page.jpg HTTP/1.1" 200 4366 "http://ncoa.dev/" "Mozilla/5.0 (Macintosh; Intel Mac OS X 10_11_5) AppleWebKit/601.6.17 (KHTML, like Gecko) Version/9.1.1 Safari/601.6.17"
::1 - - [29/Jun/2016:20:16:08 +0300] "GET /content/uploads/2016/05/spon-aoa.jpg HTTP/1.1" 200 3897 "http://ncoa.dev/" "Mozilla/5.0 (Macintosh; Intel Mac OS X 10_11_5) AppleWebKit/601.6.17 (KHTML, like Gecko) Version/9.1.1 Safari/601.6.17"
::1 - - [29/Jun/2016:20:16:08 +0300] "GET /content/uploads/2016/05/spon-astraZeneca.jpg HTTP/1.1" 200 4339 "http://ncoa.dev/" "Mozilla/5.0 (Macintosh; Intel Mac OS X 10_11_5) AppleWebKit/601.6.17 (KHTML, like Gecko) Version/9.1.1 Safari/601.6.17"
::1 - - [29/Jun/2016:20:16:08 +0300] "GET /content/uploads/2016/05/spon-atlanticPhil2.jpg HTTP/1.1" 200 4037 "http://ncoa.dev/" "Mozilla/5.0 (Macintosh; Intel Mac OS X 10_11_5) AppleWebKit/601.6.17 (KHTML, like Gecko) Version/9.1.1 Safari/601.6.17"
::1 - - [29/Jun/2016:20:16:08 +0300] "GET /content/uploads/2016/05/spon_dcoa2.jpg HTTP/1.1" 200 8940 "http://ncoa.dev/" "Mozilla/5.0 (Macintosh; Intel Mac OS X 10_11_5) AppleWebKit/601.6.17 (KHTML, like Gecko) Version/9.1.1 Safari/601.6.17"
::1 - - [29/Jun/2016:20:16:08 +0300] "GET /content/uploads/2016/05/spon-boa1.jpg HTTP/1.1" 200 4720 "http://ncoa.dev/" "Mozilla/5.0 (Macintosh; Intel Mac OS X 10_11_5) AppleWebKit/601.6.17 (KHTML, like Gecko) Version/9.1.1 Safari/601.6.17"
::1 - - [29/Jun/2016:20:16:08 +0300] "GET /content/uploads/2016/05/spon-eisai.jpg HTTP/1.1" 200 6307 "http://ncoa.dev/" "Mozilla/5.0 (Macintosh; Intel Mac OS X 10_11_5) AppleWebKit/601.6.17 (KHTML, like Gecko) Version/9.1.1 Safari/601.6.17"
::1 - - [29/Jun/2016:20:16:08 +0300] "GET /content/uploads/2016/05/spon-harryJeanetteWeinberg.jpg HTTP/1.1" 200 4687 "http://ncoa.dev/" "Mozilla/5.0 (Macintosh; Intel Mac OS X 10_11_5) AppleWebKit/601.6.17 (KHTML, like Gecko) Version/9.1.1 Safari/601.6.17"
::1 - - [29/Jun/2016:20:16:08 +0300] "GET /content/uploads/2016/05/spon-humanArc-300x101.jpg HTTP/1.1" 200 5052 "http://ncoa.dev/" "Mozilla/5.0 (Macintosh; Intel Mac OS X 10_11_5) AppleWebKit/601.6.17 (KHTML, like Gecko) Version/9.1.1 Safari/601.6.17"
::1 - - [29/Jun/2016:20:16:08 +0300] "GET /content/uploads/2016/05/spon-kaiserPermanente.jpg HTTP/1.1" 200 5074 "http://ncoa.dev/" "Mozilla/5.0 (Macintosh; Intel Mac OS X 10_11_5) AppleWebKit/601.6.17 (KHTML, like Gecko) Version/9.1.1 Safari/601.6.17"
::1 - - [29/Jun/2016:20:16:08 +0300] "GET /content/uploads/2016/05/spon-mcoa2.jpg HTTP/1.1" 200 8695 "http://ncoa.dev/" "Mozilla/5.0 (Macintosh; Intel Mac OS X 10_11_5) AppleWebKit/601.6.17 (KHTML, like Gecko) Version/9.1.1 Safari/601.6.17"
::1 - - [29/Jun/2016:20:16:08 +0300] "GET /content/uploads/2016/05/spon-pfizer1.jpg HTTP/1.1" 200 5012 "http://ncoa.dev/" "Mozilla/5.0 (Macintosh; Intel Mac OS X 10_11_5) AppleWebKit/601.6.17 (KHTML, like Gecko) Version/9.1.1 Safari/601.6.17"
::1 - - [29/Jun/2016:20:16:08 +0300] "GET /content/uploads/2016/05/spon-sanofi.jpg HTTP/1.1" 200 3613 "http://ncoa.dev/" "Mozilla/5.0 (Macintosh; Intel Mac OS X 10_11_5) AppleWebKit/601.6.17 (KHTML, like Gecko) Version/9.1.1 Safari/601.6.17"
::1 - - [29/Jun/2016:20:16:08 +0300] "GET /content/uploads/2016/05/spon-unitedhealth.jpg HTTP/1.1" 200 4520 "http://ncoa.dev/" "Mozilla/5.0 (Macintosh; Intel Mac OS X 10_11_5) AppleWebKit/601.6.17 (KHTML, like Gecko) Version/9.1.1 Safari/601.6.17"
::1 - - [29/Jun/2016:20:16:08 +0300] "GET /content/uploads/2016/05/spon-walmart.jpg HTTP/1.1" 200 4890 "http://ncoa.dev/" "Mozilla/5.0 (Macintosh; Intel Mac OS X 10_11_5) AppleWebKit/601.6.17 (KHTML, like Gecko) Version/9.1.1 Safari/601.6.17"
::1 - - [29/Jun/2016:20:16:08 +0300] "GET /content/uploads/2016/05/sponsor_coventry_final.jpg HTTP/1.1" 200 5759 "http://ncoa.dev/" "Mozilla/5.0 (Macintosh; Intel Mac OS X 10_11_5) AppleWebKit/601.6.17 (KHTML, like Gecko) Version/9.1.1 Safari/601.6.17"
::1 - - [29/Jun/2016:20:16:08 +0300] "GET /content/uploads/2016/05/sponsor_aetna_final.jpg HTTP/1.1" 200 5983 "http://ncoa.dev/" "Mozilla/5.0 (Macintosh; Intel Mac OS X 10_11_5) AppleWebKit/601.6.17 (KHTML, like Gecko) Version/9.1.1 Safari/601.6.17"
::1 - - [29/Jun/2016:20:16:08 +0300] "GET /content/uploads/2016/05/sponsor-care_final1.jpg HTTP/1.1" 200 5221 "http://ncoa.dev/" "Mozilla/5.0 (Macintosh; Intel Mac OS X 10_11_5) AppleWebKit/601.6.17 (KHTML, like Gecko) Version/9.1.1 Safari/601.6.17"
::1 - - [29/Jun/2016:20:16:08 +0300] "GET /content/uploads/2016/05/icon_home-lock.svg HTTP/1.1" 200 3018 "http://ncoa.dev/" "Mozilla/5.0 (Macintosh; Intel Mac OS X 10_11_5) AppleWebKit/601.6.17 (KHTML, like Gecko) Version/9.1.1 Safari/601.6.17"
::1 - - [29/Jun/2016:20:16:08 +0300] "GET /content/uploads/2016/05/icon_home-clipboard.svg HTTP/1.1" 200 4121 "http://ncoa.dev/" "Mozilla/5.0 (Macintosh; Intel Mac OS X 10_11_5) AppleWebKit/601.6.17 (KHTML, like Gecko) Version/9.1.1 Safari/601.6.17"
::1 - - [29/Jun/2016:20:16:08 +0300] "GET /content/uploads/2016/05/icon_home-bullseye.svg HTTP/1.1" 200 3579 "http://ncoa.dev/" "Mozilla/5.0 (Macintosh; Intel Mac OS X 10_11_5) AppleWebKit/601.6.17 (KHTML, like Gecko) Version/9.1.1 Safari/601.6.17"
::1 - - [29/Jun/2016:20:16:08 +0300] "GET /content/themes/ncoa/resources/assets/images/ajax-loader.gif HTTP/1.1" 200 4178 "http://ncoa.dev/" "Mozilla/5.0 (Macintosh; Intel Mac OS X 10_11_5) AppleWebKit/601.6.17 (KHTML, like Gecko) Version/9.1.1 Safari/601.6.17"
::1 - - [29/Jun/2016:20:16:08 +0300] "GET /content/themes/ncoa/resources/views/directives/text-size-changer/text-size-changer.html HTTP/1.1" 200 454 "http://ncoa.dev/" "Mozilla/5.0 (Macintosh; Intel Mac OS X 10_11_5) AppleWebKit/601.6.17 (KHTML, like Gecko) Version/9.1.1 Safari/601.6.17"
::1 - - [29/Jun/2016:20:16:08 +0300] "GET /content/themes/ncoa/resources/views/pages/benefits-checkup/prescreen/prescreen.html HTTP/1.1" 200 45 "http://ncoa.dev/" "Mozilla/5.0 (Macintosh; Intel Mac OS X 10_11_5) AppleWebKit/601.6.17 (KHTML, like Gecko) Version/9.1.1 Safari/601.6.17"
